# Logfile created on 2018-12-12 15:17:29 -0400 by logger.rb/61378
D, [2018-12-12T15:17:29.734522 #32808] DEBUG -- : REQUESTING PAGE: GET / with {} and HTTP headers {}
D, [2018-12-12T15:18:32.777449 #20248] DEBUG -- : REQUESTING PAGE: GET / with {} and HTTP headers {}
D, [2018-12-12T15:21:18.237053 #29308] DEBUG -- : REQUESTING PAGE: GET / with {} and HTTP headers {}
D, [2018-12-12T15:25:03.743856 #30300] DEBUG -- : REQUESTING PAGE: GET / with {} and HTTP headers {}
D, [2018-12-12T15:27:29.888853 #18884] DEBUG -- : REQUESTING PAGE: GET / with {} and HTTP headers {}
D, [2018-12-12T15:29:06.763313 #29160] DEBUG -- : REQUESTING PAGE: GET / with {} and HTTP headers {}
D, [2018-12-12T15:30:02.682150 #33200] DEBUG -- : REQUESTING PAGE: GET / with {} and HTTP headers {}
D, [2018-12-12T15:30:18.803477 #19216] DEBUG -- : REQUESTING PAGE: GET / with {} and HTTP headers {}
D, [2018-12-12T15:31:51.482755 #30424] DEBUG -- : REQUESTING PAGE: GET / with {} and HTTP headers {}
D, [2018-12-12T15:32:31.594564 #10060] DEBUG -- : REQUESTING PAGE: GET / with {} and HTTP headers {}
D, [2018-12-12T15:32:31.652450 #10060] DEBUG -- : REQUESTING PAGE: POST /jugar with {"palabraSecreta"=>"manzana"} and HTTP headers {"HTTP_REFERER"=>"/"}
D, [2018-12-12T15:56:14.740466 #35272] DEBUG -- : REQUESTING PAGE: GET / with {} and HTTP headers {}
D, [2018-12-12T15:56:14.804072 #35272] DEBUG -- : REQUESTING PAGE: POST /jugar with {"palabraSecreta"=>"manzana verde"} and HTTP headers {"HTTP_REFERER"=>"/"}
D, [2018-12-12T15:57:35.466546 #35272] DEBUG -- : REQUESTING PAGE: GET / with {} and HTTP headers {}
D, [2018-12-12T15:57:35.528857 #35272] DEBUG -- : REQUESTING PAGE: POST /jugar with {"palabraSecreta"=>"manzana verde"} and HTTP headers {"HTTP_REFERER"=>"/"}
D, [2018-12-12T15:58:26.359301 #30620] DEBUG -- : REQUESTING PAGE: GET / with {} and HTTP headers {}
D, [2018-12-12T15:58:26.423926 #30620] DEBUG -- : REQUESTING PAGE: POST /jugar with {"palabraSecreta"=>"manzana verde"} and HTTP headers {"HTTP_REFERER"=>"/"}
D, [2018-12-12T15:59:55.093522 #35332] DEBUG -- : REQUESTING PAGE: GET / with {} and HTTP headers {}
D, [2018-12-12T15:59:55.157993 #35332] DEBUG -- : REQUESTING PAGE: POST /jugar with {"palabraSecreta"=>"manzana verde"} and HTTP headers {"HTTP_REFERER"=>"/"}
D, [2018-12-12T16:02:26.954037 #34376] DEBUG -- : REQUESTING PAGE: GET / with {} and HTTP headers {}
D, [2018-12-12T16:02:27.017506 #34376] DEBUG -- : REQUESTING PAGE: POST /jugar with {"palabraSecreta"=>"manzana verde"} and HTTP headers {"HTTP_REFERER"=>"/"}
D, [2018-12-12T16:05:33.557352 #34160] DEBUG -- : REQUESTING PAGE: GET / with {} and HTTP headers {}
D, [2018-12-12T16:05:33.622062 #34160] DEBUG -- : REQUESTING PAGE: POST /jugar with {"palabraSecreta"=>"manzana"} and HTTP headers {"HTTP_REFERER"=>"/"}
D, [2018-12-12T16:06:23.924488 #29116] DEBUG -- : REQUESTING PAGE: GET / with {} and HTTP headers {}
D, [2018-12-12T16:06:23.992115 #29116] DEBUG -- : REQUESTING PAGE: POST /jugar with {"palabraSecreta"=>"manzana"} and HTTP headers {"HTTP_REFERER"=>"/"}
D, [2018-12-12T16:10:12.725275 #34728] DEBUG -- : REQUESTING PAGE: GET / with {} and HTTP headers {}
D, [2018-12-12T16:10:12.796819 #34728] DEBUG -- : REQUESTING PAGE: POST /jugar with {"palabraSecreta"=>"manzana"} and HTTP headers {"HTTP_REFERER"=>"/"}
D, [2018-12-12T16:13:51.267924 #34332] DEBUG -- : REQUESTING PAGE: GET / with {} and HTTP headers {}
D, [2018-12-12T16:13:51.329403 #34332] DEBUG -- : REQUESTING PAGE: POST /jugar with {"palabraSecreta"=>"manzana"} and HTTP headers {"HTTP_REFERER"=>"/"}
D, [2018-12-12T16:13:51.364395 #34332] DEBUG -- : REQUESTING PAGE: GET / with {} and HTTP headers {}
D, [2018-12-12T16:13:51.382596 #34332] DEBUG -- : REQUESTING PAGE: POST /jugar with {"palabraSecreta"=>"manzana verde"} and HTTP headers {"HTTP_REFERER"=>"/"}
D, [2018-12-12T16:14:33.072871 #14716] DEBUG -- : REQUESTING PAGE: GET / with {} and HTTP headers {}
D, [2018-12-12T16:14:33.134195 #14716] DEBUG -- : REQUESTING PAGE: POST /jugar with {"palabraSecreta"=>"manzana"} and HTTP headers {"HTTP_REFERER"=>"/"}
D, [2018-12-12T16:14:33.167595 #14716] DEBUG -- : REQUESTING PAGE: GET / with {} and HTTP headers {}
D, [2018-12-12T16:14:33.186043 #14716] DEBUG -- : REQUESTING PAGE: POST /jugar with {"palabraSecreta"=>"manzana verde"} and HTTP headers {"HTTP_REFERER"=>"/"}
D, [2018-12-12T16:18:08.154653 #8056] DEBUG -- : REQUESTING PAGE: GET / with {} and HTTP headers {}
D, [2018-12-12T16:18:08.214651 #8056] DEBUG -- : REQUESTING PAGE: POST /jugar with {"palabraSecreta"=>"manzana"} and HTTP headers {"HTTP_REFERER"=>"/"}
D, [2018-12-12T16:20:49.336186 #16700] DEBUG -- : REQUESTING PAGE: GET / with {} and HTTP headers {}
D, [2018-12-12T16:20:49.396352 #16700] DEBUG -- : REQUESTING PAGE: POST /jugar with {"palabraSecreta"=>"manzana"} and HTTP headers {"HTTP_REFERER"=>"/"}
D, [2018-12-12T16:30:21.784419 #18084] DEBUG -- : REQUESTING PAGE: GET / with {} and HTTP headers {}
D, [2018-12-12T16:30:21.847804 #18084] DEBUG -- : REQUESTING PAGE: POST /jugar with {"palabraSecreta"=>"manzana"} and HTTP headers {"HTTP_REFERER"=>"/"}
D, [2018-12-12T16:30:21.921998 #18084] DEBUG -- : REQUESTING PAGE: GET / with {} and HTTP headers {}
D, [2018-12-12T16:30:21.940450 #18084] DEBUG -- : REQUESTING PAGE: POST /jugar with {"palabraSecreta"=>"manzana verde"} and HTTP headers {"HTTP_REFERER"=>"/"}
D, [2018-12-12T16:47:55.493241 #4212] DEBUG -- : REQUESTING PAGE: GET / with {} and HTTP headers {}
D, [2018-12-12T16:47:55.555275 #4212] DEBUG -- : REQUESTING PAGE: POST /jugar with {"palabraSecreta"=>"manzana"} and HTTP headers {"HTTP_REFERER"=>"/"}
D, [2018-12-12T17:07:27.718294 #35304] DEBUG -- : REQUESTING PAGE: GET / with {} and HTTP headers {}
D, [2018-12-12T17:07:27.778205 #35304] DEBUG -- : REQUESTING PAGE: POST /jugar with {"palabraSecreta"=>"manzana"} and HTTP headers {"HTTP_REFERER"=>"/"}
D, [2018-12-12T17:13:31.642471 #31616] DEBUG -- : REQUESTING PAGE: GET / with {} and HTTP headers {}
D, [2018-12-12T17:13:31.702796 #31616] DEBUG -- : REQUESTING PAGE: POST /jugar with {"palabraSecreta"=>"manzana"} and HTTP headers {"HTTP_REFERER"=>"/"}
D, [2018-12-12T17:13:43.261770 #33996] DEBUG -- : REQUESTING PAGE: GET / with {} and HTTP headers {}
D, [2018-12-12T17:13:43.322004 #33996] DEBUG -- : REQUESTING PAGE: POST /jugar with {"palabraSecreta"=>"manzana"} and HTTP headers {"HTTP_REFERER"=>"/"}
D, [2018-12-12T17:31:35.666344 #35944] DEBUG -- : REQUESTING PAGE: GET / with {} and HTTP headers {}
D, [2018-12-12T17:31:35.728465 #35944] DEBUG -- : REQUESTING PAGE: POST /jugar with {"palabraSecreta"=>"manzana"} and HTTP headers {"HTTP_REFERER"=>"/"}
D, [2018-12-12T17:34:03.808236 #36916] DEBUG -- : REQUESTING PAGE: GET / with {} and HTTP headers {}
D, [2018-12-12T17:34:03.869774 #36916] DEBUG -- : REQUESTING PAGE: POST /jugar with {"palabraSecreta"=>"manzana"} and HTTP headers {"HTTP_REFERER"=>"/"}
D, [2018-12-12T17:37:07.244133 #35944] DEBUG -- : REQUESTING PAGE: GET / with {} and HTTP headers {}
D, [2018-12-12T17:37:07.290192 #35944] DEBUG -- : REQUESTING PAGE: POST /jugar with {"palabraSecreta"=>"banana"} and HTTP headers {"HTTP_REFERER"=>"/"}
D, [2018-12-12T17:37:07.327296 #35944] DEBUG -- : REQUESTING PAGE: GET / with {} and HTTP headers {}
D, [2018-12-12T17:37:07.342148 #35944] DEBUG -- : REQUESTING PAGE: POST /jugar with {"palabraSecreta"=>"manzana"} and HTTP headers {"HTTP_REFERER"=>"/"}
D, [2018-12-12T17:39:32.021709 #35952] DEBUG -- : REQUESTING PAGE: GET / with {} and HTTP headers {}
D, [2018-12-12T17:39:32.072375 #35952] DEBUG -- : REQUESTING PAGE: POST /jugar with {"palabraSecreta"=>"banana"} and HTTP headers {"HTTP_REFERER"=>"/"}
D, [2018-12-12T17:39:32.112905 #35952] DEBUG -- : REQUESTING PAGE: GET / with {} and HTTP headers {}
D, [2018-12-12T17:39:32.128787 #35952] DEBUG -- : REQUESTING PAGE: POST /jugar with {"palabraSecreta"=>"manzana"} and HTTP headers {"HTTP_REFERER"=>"/"}
D, [2018-12-12T17:41:52.237918 #36916] DEBUG -- : REQUESTING PAGE: GET / with {} and HTTP headers {}
D, [2018-12-12T17:41:52.284357 #36916] DEBUG -- : REQUESTING PAGE: POST /jugar with {"palabraSecreta"=>"banana"} and HTTP headers {"HTTP_REFERER"=>"/"}
D, [2018-12-12T17:41:52.319083 #36916] DEBUG -- : REQUESTING PAGE: GET / with {} and HTTP headers {}
D, [2018-12-12T17:41:52.334006 #36916] DEBUG -- : REQUESTING PAGE: POST /jugar with {"palabraSecreta"=>"manzana"} and HTTP headers {"HTTP_REFERER"=>"/"}
D, [2018-12-12T17:42:23.351161 #31244] DEBUG -- : REQUESTING PAGE: GET / with {} and HTTP headers {}
D, [2018-12-12T17:42:23.397812 #31244] DEBUG -- : REQUESTING PAGE: POST /jugar with {"palabraSecreta"=>"banana"} and HTTP headers {"HTTP_REFERER"=>"/"}
D, [2018-12-12T17:42:23.446203 #31244] DEBUG -- : REQUESTING PAGE: GET / with {} and HTTP headers {}
D, [2018-12-12T17:42:23.462699 #31244] DEBUG -- : REQUESTING PAGE: POST /jugar with {"palabraSecreta"=>"manzana"} and HTTP headers {"HTTP_REFERER"=>"/"}
D, [2018-12-12T17:52:52.924386 #17492] DEBUG -- : REQUESTING PAGE: GET / with {} and HTTP headers {}
D, [2018-12-12T17:52:52.971009 #17492] DEBUG -- : REQUESTING PAGE: POST /jugar with {"palabraSecreta"=>"banana"} and HTTP headers {"HTTP_REFERER"=>"/"}
D, [2018-12-12T17:52:53.013974 #17492] DEBUG -- : REQUESTING PAGE: GET / with {} and HTTP headers {}
D, [2018-12-12T17:52:53.029354 #17492] DEBUG -- : REQUESTING PAGE: POST /jugar with {"palabraSecreta"=>"manzana"} and HTTP headers {"HTTP_REFERER"=>"/"}
D, [2018-12-12T17:54:13.798596 #37524] DEBUG -- : REQUESTING PAGE: GET / with {} and HTTP headers {}
D, [2018-12-12T17:54:13.844667 #37524] DEBUG -- : REQUESTING PAGE: POST /jugar with {"palabraSecreta"=>"banana"} and HTTP headers {"HTTP_REFERER"=>"/"}
D, [2018-12-12T17:54:13.889358 #37524] DEBUG -- : REQUESTING PAGE: GET / with {} and HTTP headers {}
D, [2018-12-12T17:54:13.902957 #37524] DEBUG -- : REQUESTING PAGE: POST /jugar with {"palabraSecreta"=>"manzana"} and HTTP headers {"HTTP_REFERER"=>"/"}
D, [2018-12-13T08:58:12.899154 #8844] DEBUG -- : REQUESTING PAGE: GET / with {} and HTTP headers {}
D, [2018-12-13T08:58:13.023981 #8844] DEBUG -- : REQUESTING PAGE: POST /jugar with {"palabraSecreta"=>"banana"} and HTTP headers {"HTTP_REFERER"=>"/"}
D, [2018-12-13T08:58:13.070014 #8844] DEBUG -- : REQUESTING PAGE: GET / with {} and HTTP headers {}
D, [2018-12-13T08:58:13.084218 #8844] DEBUG -- : REQUESTING PAGE: POST /jugar with {"palabraSecreta"=>"manzana"} and HTTP headers {"HTTP_REFERER"=>"/"}
D, [2018-12-13T09:12:59.360570 #7432] DEBUG -- : REQUESTING PAGE: GET / with {} and HTTP headers {}
D, [2018-12-13T09:12:59.491304 #7432] DEBUG -- : REQUESTING PAGE: POST /jugar with {"palabraSecreta"=>"manzana"} and HTTP headers {"HTTP_REFERER"=>"/"}
D, [2018-12-13T09:13:49.653541 #7760] DEBUG -- : REQUESTING PAGE: GET / with {} and HTTP headers {}
D, [2018-12-13T09:13:49.784969 #7760] DEBUG -- : REQUESTING PAGE: POST /jugar with {"palabraSecreta"=>"manzana"} and HTTP headers {"HTTP_REFERER"=>"/"}
